<?xml version="1.0" encoding="UTF-8"?>
<testsuite xmlns:xsi="http://www.w3.org/2001/XMLSchema-instance" xsi:noNamespaceSchemaLocation="https://maven.apache.org/surefire/maven-surefire-plugin/xsd/surefire-test-report.xsd" name="com.nice.coday.ElectricityConsumptionCalculatorTest" time="3.4" tests="7" errors="0" skipped="0" failures="0">
  <properties>
[...]
</properties>
  <testcase name="test1" classname="com.nice.coday.ElectricityConsumptionCalculatorTest" time="0.107"/>
  <testcase name="test2" classname="com.nice.coday.ElectricityConsumptionCalculatorTest" time="0.011"/>
  <testcase name="test3" classname="com.nice.coday.ElectricityConsumptionCalculatorTest" time="0.007"/>
  <testcase name="test4" classname="com.nice.coday.ElectricityConsumptionCalculatorTest" time="0.009"/>
  <testcase name="test5" classname="com.nice.coday.ElectricityConsumptionCalculatorTest" time="0.584"/>
  <testcase name="test6" classname="com.nice.coday.ElectricityConsumptionCalculatorTest" time="0.679"/>
  <testcase name="test7" classname="com.nice.coday.ElectricityConsumptionCalculatorTest" time="1.876"/>
</testsuite>