<?xml version="1.0" encoding="UTF-8"?>
<testsuite xmlns:xsi="http://www.w3.org/2001/XMLSchema-instance" xsi:noNamespaceSchemaLocation="https://maven.apache.org/surefire/maven-surefire-plugin/xsd/surefire-test-report.xsd" name="com.nice.coday.ElectricityConsumptionCalculatorTest" time="4.179" tests="7" errors="0" skipped="0" failures="2">
  <properties>
[...]
</properties>
  <testcase name="test1" classname="com.nice.coday.ElectricityConsumptionCalculatorTest" time="0.174"/>
  <testcase name="test2" classname="com.nice.coday.ElectricityConsumptionCalculatorTest" time="0.03"/>
  <testcase name="test3" classname="com.nice.coday.ElectricityConsumptionCalculatorTest" time="0.035"/>
  <testcase name="test4" classname="com.nice.coday.ElectricityConsumptionCalculatorTest" time="0.058"/>
  <testcase name="test5" classname="com.nice.coday.ElectricityConsumptionCalculatorTest" time="0.702"/>
  <testcase name="test6" classname="com.nice.coday.ElectricityConsumptionCalculatorTest" time="0.838">
    <failure message="expected:&lt;2741580.0&gt; but was:&lt;2741924.37&gt;" type="java.lang.AssertionError"><![CDATA[java.lang.AssertionError: expected:<2741580.0> but was:<2741924.37>
	at com.nice.coday.ElectricityConsumptionCalculatorTest.test6(ElectricityConsumptionCalculatorTest.java:241)
]]></failure>
    <system-out><![CDATA[actualTotalUnitsConsumed : 2741924.37
]]></system-out>
  </testcase>
  <testcase name="test7" classname="com.nice.coday.ElectricityConsumptionCalculatorTest" time="2.184">
    <failure message="expected:&lt;1.2823458E7&gt; but was:&lt;1.2824367629999999E7&gt;" type="java.lang.AssertionError"><![CDATA[java.lang.AssertionError: expected:<1.2823458E7> but was:<1.2824367629999999E7>
	at com.nice.coday.ElectricityConsumptionCalculatorTest.test7(ElectricityConsumptionCalculatorTest.java:285)
]]></failure>
  </testcase>
</testsuite>